<?xml version="1.0" encoding="UTF-8"?>
<!-- Generated by org.testng.reporters.JUnitXMLReporter -->
<testsuite hostname="LAPTOP-UHFNO702" ignored="0" name="Default test" tests="3" failures="0" timestamp="2020-11-08T20:01:45 EST" time="20.045" errors="0">
  <testcase name="userShouldBeAbleToAddACategory" time="6.254" classname="test.ToDoListTest"/>
  <testcase name="userShouldntBeAbleToAddADuplicateCategory" time="5.395" classname="test.ToDoListTest"/>
  <testcase name="allMonthsInAYearShouldBeDisplayed" time="5.006" classname="test.ToDoListTest"/>
</testsuite> <!-- Default test -->
