<?xml version="1.0" encoding="UTF-8"?>
<testng-results skipped="0" failed="0" ignored="0" total="3" passed="3">
  <reporter-output>
  </reporter-output>
  <suite name="Default suite" duration-ms="20045" started-at="2020-11-08T20:01:25 EST" finished-at="2020-11-08T20:01:45 EST">
    <groups>
    </groups>
    <test name="Default test" duration-ms="20045" started-at="2020-11-08T20:01:25 EST" finished-at="2020-11-08T20:01:45 EST">
      <class name="test.ToDoListTest">
        <test-method status="PASS" signature="userShouldBeAbleToAddACategory()[pri:1, instance:test.ToDoListTest@67205a84]" name="userShouldBeAbleToAddACategory" duration-ms="6254" started-at="2020-11-08T20:01:25 EST" finished-at="2020-11-08T20:01:31 EST">
          <reporter-output>
          </reporter-output>
        </test-method> <!-- userShouldBeAbleToAddACategory -->
        <test-method status="PASS" signature="closeBrowser()[pri:0, instance:test.ToDoListTest@67205a84]" name="closeBrowser" is-config="true" duration-ms="688" started-at="2020-11-08T20:01:31 EST" finished-at="2020-11-08T20:01:32 EST">
          <reporter-output>
          </reporter-output>
        </test-method> <!-- closeBrowser -->
        <test-method status="PASS" signature="userShouldntBeAbleToAddADuplicateCategory()[pri:2, instance:test.ToDoListTest@67205a84]" name="userShouldntBeAbleToAddADuplicateCategory" duration-ms="5395" started-at="2020-11-08T20:01:32 EST" finished-at="2020-11-08T20:01:37 EST">
          <reporter-output>
          </reporter-output>
        </test-method> <!-- userShouldntBeAbleToAddADuplicateCategory -->
        <test-method status="PASS" signature="closeBrowser()[pri:0, instance:test.ToDoListTest@67205a84]" name="closeBrowser" is-config="true" duration-ms="1568" started-at="2020-11-08T20:01:37 EST" finished-at="2020-11-08T20:01:39 EST">
          <reporter-output>
          </reporter-output>
        </test-method> <!-- closeBrowser -->
        <test-method status="PASS" signature="allMonthsInAYearShouldBeDisplayed()[pri:3, instance:test.ToDoListTest@67205a84]" name="allMonthsInAYearShouldBeDisplayed" duration-ms="5006" started-at="2020-11-08T20:01:39 EST" finished-at="2020-11-08T20:01:44 EST">
          <reporter-output>
          </reporter-output>
        </test-method> <!-- allMonthsInAYearShouldBeDisplayed -->
        <test-method status="PASS" signature="closeBrowser()[pri:0, instance:test.ToDoListTest@67205a84]" name="closeBrowser" is-config="true" duration-ms="1094" started-at="2020-11-08T20:01:44 EST" finished-at="2020-11-08T20:01:45 EST">
          <reporter-output>
          </reporter-output>
        </test-method> <!-- closeBrowser -->
      </class> <!-- test.ToDoListTest -->
    </test> <!-- Default test -->
  </suite> <!-- Default suite -->
</testng-results>
